2014/02/02 12:32:42 [error] [exception.CDbException] exception 'CDbException' with message 'CDbConnection failed to open the DB connection: could not find driver' in /var/www/yiiframework/framework/db/CDbConnection.php:382
Stack trace:
#0 /var/www/yiiframework/framework/db/CDbConnection.php(330): CDbConnection->open()
#1 /var/www/yiiframework/framework/db/CDbConnection.php(308): CDbConnection->setActive(true)
#2 /var/www/yiiframework/framework/base/CModule.php(387): CDbConnection->init()
#3 /var/www/yiiframework/framework/base/CModule.php(103): CModule->getComponent('db')
#4 /var/www/yii-book/trackstar/protected/controllers/SiteController.php(30): CModule->__get('db')
#5 /var/www/yiiframework/framework/web/actions/CInlineAction.php(49): SiteController->actionIndex()
#6 /var/www/yiiframework/framework/web/CController.php(308): CInlineAction->runWithParams(Array)
#7 /var/www/yiiframework/framework/web/CController.php(286): CController->runAction(Object(CInlineAction))
#8 /var/www/yiiframework/framework/web/CController.php(265): CController->runActionWithFilters(Object(CInlineAction), Array)
#9 /var/www/yiiframework/framework/web/CWebApplication.php(282): CController->run('index')
#10 /var/www/yiiframework/framework/web/CWebApplication.php(141): CWebApplication->runController('site/index')
#11 /var/www/yiiframework/framework/base/CApplication.php(180): CWebApplication->processRequest()
#12 /var/www/yii-book/trackstar/index.php(13): CApplication->run()
#13 {main}
REQUEST_URI=/trackstar/index.php?r=site/index
---
2014/02/02 18:09:14 [error] [exception.CHttpException.403] exception 'CHttpException' with message 'You are not authorized to perform this action.' in /var/www/yiiframework/framework/web/auth/CAccessControlFilter.php:182
Stack trace:
#0 /var/www/yiiframework/framework/web/auth/CAccessControlFilter.php(145): CAccessControlFilter->accessDenied(Object(CWebUser), 'You are not aut...')
#1 /var/www/yiiframework/framework/web/filters/CFilter.php(38): CAccessControlFilter->preFilter(Object(CFilterChain))
#2 /var/www/yiiframework/framework/web/CController.php(1145): CFilter->filter(Object(CFilterChain))
#3 /var/www/yiiframework/framework/web/filters/CInlineFilter.php(58): CController->filterAccessControl(Object(CFilterChain))
#4 /var/www/yiiframework/framework/web/filters/CFilterChain.php(130): CInlineFilter->filter(Object(CFilterChain))
#5 /var/www/yiiframework/framework/web/CController.php(291): CFilterChain->run()
#6 /var/www/yiiframework/framework/web/CController.php(265): CController->runActionWithFilters(Object(CInlineAction), Array)
#7 /var/www/yiiframework/framework/web/CWebApplication.php(282): CController->run('admin')
#8 /var/www/yiiframework/framework/web/CWebApplication.php(141): CWebApplication->runController('project/admin')
#9 /var/www/yiiframework/framework/base/CApplication.php(180): CWebApplication->processRequest()
#10 /var/www/yii-book/trackstar/index.php(13): CApplication->run()
#11 {main}
REQUEST_URI=/trackstar/index.php?r=project/admin
HTTP_REFERER=http://yii-book.local/trackstar/index.php?r=project/index
---
